22/02/22 22:55:40.285 - [INFO] - VERSION DU CLIENT  HOP3X : V.22.0201-199e - [hophophop.etudiant.Main.main]
22/02/22 22:55:40.286 - [INFO] - java.vendor     : Oracle Corporation - [hophophop.etudiant.Main.main]
22/02/22 22:55:40.287 - [INFO] - java.vendor.url : https://openjdk.java.net/ - [hophophop.etudiant.Main.main]
22/02/22 22:55:40.287 - [INFO] - java.home       : /usr/lib/jvm/java-11-openjdk - [hophophop.etudiant.Main.main]
22/02/22 22:55:40.287 - [INFO] - java.version    : 11.0.15 - [hophophop.etudiant.Main.main]
22/02/22 22:55:40.287 - [INFO] - java.class.path : ./hop3xEtudiant/lib/Hop3xEtudiant.jar - [hophophop.etudiant.Main.main]
22/02/22 22:55:40.287 - [INFO] - os.arch         : amd64 - [hophophop.etudiant.Main.main]
22/02/22 22:55:40.288 - [INFO] - user.dir        : /home/romain/Documents/hop3x - [hophophop.etudiant.Main.main]
22/02/22 22:55:40.288 - [INFO] - user.home       : /home/romain - [hophophop.etudiant.Main.main]
22/02/22 22:55:40.288 - [INFO] - user.name       : romain - [hophophop.etudiant.Main.main]
22/02/22 22:55:40.432 - [INFO] - Je tente sur le serveur défini dans la config - [hophophop.etudiant.Main.connecterEtudiant]
22/02/22 22:55:40.433 - [INFO] - Permission Exécutable pur les outils - [hophophop.etudiant.Main$2.run]
22/02/22 22:55:40.435 - [INFO] - Démarrage HoP3sEtudiant - [hophophop.etudiant.Main$2.run]
22/02/22 22:55:40.435 - [INFO] - Connexions sur le serveur : 193.52.29.216 sur le port : 2750 - [hophophop.etudiant.modele.H3Etudiant.connecter]
22/02/22 22:55:40.455 - [WARNING] - Pas de serveur de log : 193.52.29.216 sur le port : 2752 - [hophophop.etudiant.modele.H3Etudiant.connecter]
22/02/22 22:55:40.455 - [INFO] - H3Etudiant::connecter : 193.52.29.216:2750 - [hophophop.etudiant.modele.H3Etudiant.connecter]
22/02/22 22:55:40.486 - [INFO] - Dimension de l'écran (LxH) : 1920 x 1050 - [hophophop.etudiant.vue.Fenetre.<init>]
22/02/22 22:55:45.804 - [INFO] - Demande connexion au serveur pour <e190746> / +<d8aae0d96fbf6f0c576f36818f649cdd56d60428c00e917722fe1c5146c281fa> - [hophophop.commun.modele.Connection.saisieIdentifiants]
22/02/22 22:55:45.821 - [INFO] - Le thread d'écoute est démarré - [hophophop.etudiant.modele.H3Etudiant.connecter]
22/02/22 22:55:45.821 - [INFO] - Démarage du thread EcouteServeur sur l'étudiant - [hophophop.etudiant.modele.EcouteServeur.run]
22/02/22 22:55:45.911 - [WARNING] - Objet Recu de classe : hophophop.commun.modele.Message - [hophophop.etudiant.modele.EcouteServeur.run]
22/02/22 22:55:52.659 - [INFO] - Demande connexion au serveur pour <e190746> / +<400653b86524b516fcec90dfaa3521ab8790b5c3d42ba350201549d7e2180086> - [hophophop.commun.modele.Connection.saisieIdentifiants]
22/02/22 22:55:52.762 - [WARNING] - Objet Recu de classe : hophophop.commun.modele.Message - [hophophop.etudiant.modele.EcouteServeur.run]
[ROMAIN LAVAL] - 22/02/22 22:55:52.764 - [INFO] - Les SessionPossibles : [2021-L3-TP1-Gr2-POO, 2021-L3-TP2-Gr2-POO, 2021-L3-TP3-Gr2-POO, 2021-L3-TP4-Gr2-POO, 2021-L3-TAPP-GrA-JAVA, 2021-L3-TP1-Gr2-JAVA, 2021-L3-TP3-Gr2-JAVA, 2021-L3-TP4-Gr2-JAVA] - [hophophop.etudiant.vue.dialogues.DialogueConnecterSession.<init>]
[ROMAIN LAVAL] - 22/02/22 22:55:52.764 - [INFO] - Les SessionDémarées : [] - [hophophop.etudiant.vue.dialogues.DialogueConnecterSession.<init>]
[ROMAIN LAVAL] - 22/02/22 22:55:59.648 - [INFO] - Identification auprès du serveur 2021-L3-TP4-Gr2-POO e190746 - [hophophop.etudiant.modele.H3Etudiant.choixDeLaSession]
[ROMAIN LAVAL] - 22/02/22 22:55:59.748 - [INFO] - Pas de scenario pour la session - [hophophop.etudiant.modele.H3Etudiant.setScenario]
[ROMAIN LAVAL] - 22/02/22 22:55:59.749 - [INFO] - =============== Ip          : 127.0.1.1 - [hophophop.etudiant.modele.H3Etudiant.identifier]
[ROMAIN LAVAL] - 22/02/22 22:55:59.749 - [INFO] - =============== Os.name     : Linux - [hophophop.etudiant.modele.H3Etudiant.identifier]
[ROMAIN LAVAL] - 22/02/22 22:55:59.749 - [INFO] - =============== JavaVersion : 11.0 - [hophophop.etudiant.modele.H3Etudiant.identifier]
[ROMAIN LAVAL] - 22/02/22 22:55:59.749 - [INFO] - =============== Langage     : Ruby - [hophophop.etudiant.modele.H3Etudiant.identifier]
[ROMAIN LAVAL] - 22/02/22 22:55:59.749 - [INFO] - Le Mode de Compilation de cette Session est FICHIER - [hophophop.etudiant.modele.H3Etudiant.setCompilationProjet]
[ROMAIN LAVAL] - 22/02/22 22:55:59.749 - [INFO] - J'ai recu les Info de la session  : 2021-L3-TP4-Gr2-POO, Etat : Ouverte Pour ROMAIN LAVAL, Langage : Ruby, CompilationProjet false, Ip : 127.0.1.1, Plateforme : Linux - [hophophop.etudiant.modele.H3Etudiant.identifier]
[ROMAIN LAVAL] - 22/02/22 22:55:59.749 - [INFO] - Envoie de la demande d'identification sur la session - [hophophop.etudiant.modele.H3Etudiant.identifier]
[ROMAIN LAVAL] - 22/02/22 22:55:59.750 - [INFO] - Attente de la trace - [hophophop.etudiant.modele.H3Etudiant.identifier]
[ROMAIN LAVAL] - 22/02/22 22:55:59.884 - [INFO] - Decompression de la trace de longueur : 133192 - [hophophop.commun.outils.TraceUtil.decompress64]
[ROMAIN LAVAL] - 22/02/22 22:55:59.902 - [INFO] - Reception de la trace de longueur 830936 - [hophophop.etudiant.modele.H3Etudiant.identifier]
[ROMAIN LAVAL] - 22/02/22 22:55:59.903 - [INFO] - Nom du fichier de Trace Local hop3xEtudiant/data/trace//ROMAIN LAVAL/2021-L3-TP4-Gr2-POO/2022-02-22-22h55.xml - [hophophop.etudiant.modele.Traceur.<init>]
[ROMAIN LAVAL] - 22/02/22 22:55:59.903 - [INFO] - Recopie de la trace dans le fichier local : hop3xEtudiant/data/trace//ROMAIN LAVAL/2021-L3-TP4-Gr2-POO/2022-02-22-22h55.xml - [hophophop.etudiant.modele.H3Etudiant.identifier]
