23/02/22 02:35:46.217 - [INFO] - VERSION DU CLIENT  HOP3X : V.22.0201-199e - [hophophop.etudiant.Main.main]
23/02/22 02:35:46.219 - [INFO] - java.vendor     : N/A - [hophophop.etudiant.Main.main]
23/02/22 02:35:46.219 - [INFO] - java.vendor.url : https://openjdk.java.net/ - [hophophop.etudiant.Main.main]
23/02/22 02:35:46.219 - [INFO] - java.home       : /usr/lib/jvm/java-17-openjdk - [hophophop.etudiant.Main.main]
23/02/22 02:35:46.219 - [INFO] - java.version    : 17.0.1 - [hophophop.etudiant.Main.main]
23/02/22 02:35:46.220 - [INFO] - java.class.path : ./hop3xEtudiant/lib/hop2x.jar - [hophophop.etudiant.Main.main]
23/02/22 02:35:46.220 - [INFO] - os.arch         : amd64 - [hophophop.etudiant.Main.main]
23/02/22 02:35:46.220 - [INFO] - user.dir        : /home/romain/Documents/hop2x/src/launcher - [hophophop.etudiant.Main.main]
23/02/22 02:35:46.220 - [INFO] - user.home       : /home/romain - [hophophop.etudiant.Main.main]
23/02/22 02:35:46.220 - [INFO] - user.name       : romain - [hophophop.etudiant.Main.main]
23/02/22 02:35:46.222 - [INFO] - Je tente sur le serveur défini dans la config - [hophophop.etudiant.Main.connecterEtudiant]
23/02/22 02:35:46.222 - [INFO] - Permission Exécutable pur les outils - [hophophop.etudiant.Main$2.run]
23/02/22 02:35:46.223 - [INFO] - Démarrage HoP3sEtudiant - [hophophop.etudiant.Main$2.run]
23/02/22 02:35:46.223 - [INFO] - Connexions sur le serveur : 193.52.29.216 sur le port : 2750 - [hophophop.etudiant.modele.H3Etudiant.connecter]
23/02/22 02:35:46.242 - [WARNING] - Pas de serveur de log : 193.52.29.216 sur le port : 2752 - [hophophop.etudiant.modele.H3Etudiant.connecter]
23/02/22 02:35:46.242 - [INFO] - Dimension de l'écran (LxH) : 1920 x 1050 - [hophophop.etudiant.vue.Fenetre.<init>]
23/02/22 02:35:46.243 - [INFO] - H3Etudiant::connecter : 193.52.29.216:2750 - [hophophop.etudiant.modele.H3Etudiant.connecter]
23/02/22 02:35:53.667 - [INFO] - Demande connexion au serveur pour <e190746> / +<400653b86524b516fcec90dfaa3521ab8790b5c3d42ba350201549d7e2180086> - [hophophop.commun.modele.Connection.saisieIdentifiants]
23/02/22 02:35:53.682 - [INFO] - Le thread d'écoute est démarré - [hophophop.etudiant.modele.H3Etudiant.connecter]
23/02/22 02:35:53.682 - [INFO] - Démarage du thread EcouteServeur sur l'étudiant - [hophophop.etudiant.modele.EcouteServeur.run]
23/02/22 02:35:53.775 - [WARNING] - Objet Recu de classe : hophophop.commun.modele.Message - [hophophop.etudiant.modele.EcouteServeur.run]
[ROMAIN LAVAL] - 23/02/22 02:35:53.777 - [INFO] - Les SessionPossibles : [2021-L3-TP1-Gr2-POO, 2021-L3-TP2-Gr2-POO, 2021-L3-TP3-Gr2-POO, 2021-L3-TP4-Gr2-POO, 2021-L3-TAPP-GrA-JAVA, 2021-L3-TP1-Gr2-JAVA, 2021-L3-TP3-Gr2-JAVA, 2021-L3-TP4-Gr2-JAVA] - [hophophop.etudiant.vue.dialogues.DialogueConnecterSession.<init>]
[ROMAIN LAVAL] - 23/02/22 02:35:53.777 - [INFO] - Les SessionDémarées : [] - [hophophop.etudiant.vue.dialogues.DialogueConnecterSession.<init>]
[ROMAIN LAVAL] - 23/02/22 02:35:57.167 - [INFO] - Identification auprès du serveur 2021-L3-TAPP-GrA-JAVA e190746 - [hophophop.etudiant.modele.H3Etudiant.choixDeLaSession]
[ROMAIN LAVAL] - 23/02/22 02:35:57.266 - [INFO] - Pas de scenario pour la session - [hophophop.etudiant.modele.H3Etudiant.setScenario]
[ROMAIN LAVAL] - 23/02/22 02:35:57.266 - [INFO] - =============== Ip          : 127.0.1.1 - [hophophop.etudiant.modele.H3Etudiant.identifier]
[ROMAIN LAVAL] - 23/02/22 02:35:57.266 - [INFO] - =============== Os.name     : Linux - [hophophop.etudiant.modele.H3Etudiant.identifier]
[ROMAIN LAVAL] - 23/02/22 02:35:57.267 - [INFO] - =============== JavaVersion : 17.0 - [hophophop.etudiant.modele.H3Etudiant.identifier]
[ROMAIN LAVAL] - 23/02/22 02:35:57.267 - [INFO] - =============== Langage     : Java - [hophophop.etudiant.modele.H3Etudiant.identifier]
[ROMAIN LAVAL] - 23/02/22 02:35:57.268 - [INFO] - Le Mode de Compilation de cette Session est FICHIER - [hophophop.etudiant.modele.H3Etudiant.setCompilationProjet]
[ROMAIN LAVAL] - 23/02/22 02:35:57.271 - [INFO] - J'ai recu les Info de la session  : 2021-L3-TAPP-GrA-JAVA, Etat : Ouverte Pour ROMAIN LAVAL, Langage : Java, CompilationProjet false, Ip : 127.0.1.1, Plateforme : Linux - [hophophop.etudiant.modele.H3Etudiant.identifier]
[ROMAIN LAVAL] - 23/02/22 02:35:57.271 - [INFO] - Envoie de la demande d'identification sur la session - [hophophop.etudiant.modele.H3Etudiant.identifier]
[ROMAIN LAVAL] - 23/02/22 02:35:57.272 - [INFO] - Attente de la trace - [hophophop.etudiant.modele.H3Etudiant.identifier]
[ROMAIN LAVAL] - 23/02/22 02:35:57.526 - [INFO] - Decompression de la trace de longueur : 425524 - [hophophop.commun.outils.TraceUtil.decompress64]
[ROMAIN LAVAL] - 23/02/22 02:35:57.577 - [INFO] - Reception de la trace de longueur 2807453 - [hophophop.etudiant.modele.H3Etudiant.identifier]
[ROMAIN LAVAL] - 23/02/22 02:35:57.580 - [INFO] - Nom du fichier de Trace Local hop3xEtudiant/data/trace//ROMAIN LAVAL/2021-L3-TAPP-GrA-JAVA/2022-02-23-02h35.xml - [hophophop.etudiant.modele.Traceur.<init>]
[ROMAIN LAVAL] - 23/02/22 02:35:57.581 - [INFO] - Recopie de la trace dans le fichier local : hop3xEtudiant/data/trace//ROMAIN LAVAL/2021-L3-TAPP-GrA-JAVA/2022-02-23-02h35.xml - [hophophop.etudiant.modele.H3Etudiant.identifier]
