23/02/22 02:36:52.773 - [INFO] - VERSION DU CLIENT  HOP3X : V.22.0201-199e - [hophophop.etudiant.Main.main]
23/02/22 02:36:52.775 - [INFO] - java.vendor     : N/A - [hophophop.etudiant.Main.main]
23/02/22 02:36:52.775 - [INFO] - java.vendor.url : https://openjdk.java.net/ - [hophophop.etudiant.Main.main]
23/02/22 02:36:52.776 - [INFO] - java.home       : /usr/lib/jvm/java-17-openjdk - [hophophop.etudiant.Main.main]
23/02/22 02:36:52.776 - [INFO] - java.version    : 17.0.1 - [hophophop.etudiant.Main.main]
23/02/22 02:36:52.776 - [INFO] - java.class.path : ./hop3xEtudiant/lib/hop2x.jar - [hophophop.etudiant.Main.main]
23/02/22 02:36:52.777 - [INFO] - os.arch         : amd64 - [hophophop.etudiant.Main.main]
23/02/22 02:36:52.777 - [INFO] - user.dir        : /home/romain/Documents/hop2x/src/launcher - [hophophop.etudiant.Main.main]
23/02/22 02:36:52.777 - [INFO] - user.home       : /home/romain - [hophophop.etudiant.Main.main]
23/02/22 02:36:52.777 - [INFO] - user.name       : romain - [hophophop.etudiant.Main.main]
23/02/22 02:36:52.778 - [INFO] - Je tente sur le serveur défini dans la config - [hophophop.etudiant.Main.connecterEtudiant]
23/02/22 02:36:52.779 - [INFO] - Permission Exécutable pur les outils - [hophophop.etudiant.Main$2.run]
23/02/22 02:36:52.780 - [INFO] - Démarrage HoP3sEtudiant - [hophophop.etudiant.Main$2.run]
23/02/22 02:36:52.780 - [INFO] - Connexions sur le serveur : 193.52.29.216 sur le port : 2750 - [hophophop.etudiant.modele.H3Etudiant.connecter]
23/02/22 02:36:52.800 - [INFO] - Dimension de l'écran (LxH) : 1920 x 1050 - [hophophop.etudiant.vue.Fenetre.<init>]
23/02/22 02:36:52.803 - [WARNING] - Pas de serveur de log : 193.52.29.216 sur le port : 2752 - [hophophop.etudiant.modele.H3Etudiant.connecter]
23/02/22 02:36:52.803 - [INFO] - H3Etudiant::connecter : 193.52.29.216:2750 - [hophophop.etudiant.modele.H3Etudiant.connecter]
23/02/22 02:36:58.921 - [INFO] - Demande connexion au serveur pour <e190746> / +<400653b86524b516fcec90dfaa3521ab8790b5c3d42ba350201549d7e2180086> - [hophophop.commun.modele.Connection.saisieIdentifiants]
23/02/22 02:36:58.936 - [INFO] - Le thread d'écoute est démarré - [hophophop.etudiant.modele.H3Etudiant.connecter]
23/02/22 02:36:58.936 - [INFO] - Démarage du thread EcouteServeur sur l'étudiant - [hophophop.etudiant.modele.EcouteServeur.run]
23/02/22 02:36:59.028 - [WARNING] - Objet Recu de classe : hophophop.commun.modele.Message - [hophophop.etudiant.modele.EcouteServeur.run]
[ROMAIN LAVAL] - 23/02/22 02:36:59.029 - [INFO] - Les SessionPossibles : [2021-L3-TP1-Gr2-POO, 2021-L3-TP2-Gr2-POO, 2021-L3-TP3-Gr2-POO, 2021-L3-TP4-Gr2-POO, 2021-L3-TAPP-GrA-JAVA, 2021-L3-TP1-Gr2-JAVA, 2021-L3-TP3-Gr2-JAVA, 2021-L3-TP4-Gr2-JAVA] - [hophophop.etudiant.vue.dialogues.DialogueConnecterSession.<init>]
[ROMAIN LAVAL] - 23/02/22 02:36:59.029 - [INFO] - Les SessionDémarées : [] - [hophophop.etudiant.vue.dialogues.DialogueConnecterSession.<init>]
[ROMAIN LAVAL] - 23/02/22 02:37:01.378 - [INFO] - Identification auprès du serveur 2021-L3-TAPP-GrA-JAVA e190746 - [hophophop.etudiant.modele.H3Etudiant.choixDeLaSession]
[ROMAIN LAVAL] - 23/02/22 02:37:01.475 - [INFO] - Pas de scenario pour la session - [hophophop.etudiant.modele.H3Etudiant.setScenario]
[ROMAIN LAVAL] - 23/02/22 02:37:01.475 - [INFO] - =============== Ip          : 127.0.1.1 - [hophophop.etudiant.modele.H3Etudiant.identifier]
[ROMAIN LAVAL] - 23/02/22 02:37:01.475 - [INFO] - =============== Os.name     : Linux - [hophophop.etudiant.modele.H3Etudiant.identifier]
[ROMAIN LAVAL] - 23/02/22 02:37:01.476 - [INFO] - =============== JavaVersion : 17.0 - [hophophop.etudiant.modele.H3Etudiant.identifier]
[ROMAIN LAVAL] - 23/02/22 02:37:01.476 - [INFO] - =============== Langage     : Java - [hophophop.etudiant.modele.H3Etudiant.identifier]
[ROMAIN LAVAL] - 23/02/22 02:37:01.477 - [INFO] - Le Mode de Compilation de cette Session est FICHIER - [hophophop.etudiant.modele.H3Etudiant.setCompilationProjet]
[ROMAIN LAVAL] - 23/02/22 02:37:01.480 - [INFO] - J'ai recu les Info de la session  : 2021-L3-TAPP-GrA-JAVA, Etat : Ouverte Pour ROMAIN LAVAL, Langage : Java, CompilationProjet false, Ip : 127.0.1.1, Plateforme : Linux - [hophophop.etudiant.modele.H3Etudiant.identifier]
[ROMAIN LAVAL] - 23/02/22 02:37:01.480 - [INFO] - Envoie de la demande d'identification sur la session - [hophophop.etudiant.modele.H3Etudiant.identifier]
[ROMAIN LAVAL] - 23/02/22 02:37:01.482 - [INFO] - Attente de la trace - [hophophop.etudiant.modele.H3Etudiant.identifier]
[ROMAIN LAVAL] - 23/02/22 02:37:01.711 - [INFO] - Decompression de la trace de longueur : 425568 - [hophophop.commun.outils.TraceUtil.decompress64]
[ROMAIN LAVAL] - 23/02/22 02:37:01.772 - [INFO] - Reception de la trace de longueur 2807635 - [hophophop.etudiant.modele.H3Etudiant.identifier]
[ROMAIN LAVAL] - 23/02/22 02:37:01.776 - [INFO] - Nom du fichier de Trace Local hop3xEtudiant/data/trace//ROMAIN LAVAL/2021-L3-TAPP-GrA-JAVA/2022-02-23-02h37.xml - [hophophop.etudiant.modele.Traceur.<init>]
[ROMAIN LAVAL] - 23/02/22 02:37:01.776 - [INFO] - Recopie de la trace dans le fichier local : hop3xEtudiant/data/trace//ROMAIN LAVAL/2021-L3-TAPP-GrA-JAVA/2022-02-23-02h37.xml - [hophophop.etudiant.modele.H3Etudiant.identifier]
