23/02/22 03:30:11.118 - [INFO] - VERSION DU CLIENT  HOP3X : V.22.0201-199e - [hophophop.etudiant.Main.main]
23/02/22 03:30:11.120 - [INFO] - java.vendor     : N/A - [hophophop.etudiant.Main.main]
23/02/22 03:30:11.120 - [INFO] - java.vendor.url : https://openjdk.java.net/ - [hophophop.etudiant.Main.main]
23/02/22 03:30:11.120 - [INFO] - java.home       : /usr/lib/jvm/java-17-openjdk - [hophophop.etudiant.Main.main]
23/02/22 03:30:11.120 - [INFO] - java.version    : 17.0.1 - [hophophop.etudiant.Main.main]
23/02/22 03:30:11.121 - [INFO] - java.class.path : ./hop3xEtudiant/lib/hop2x.jar - [hophophop.etudiant.Main.main]
23/02/22 03:30:11.121 - [INFO] - os.arch         : amd64 - [hophophop.etudiant.Main.main]
23/02/22 03:30:11.121 - [INFO] - user.dir        : /home/romain/Documents/git/Dark3x/bin - [hophophop.etudiant.Main.main]
23/02/22 03:30:11.121 - [INFO] - user.home       : /home/romain - [hophophop.etudiant.Main.main]
23/02/22 03:30:11.122 - [INFO] - user.name       : romain - [hophophop.etudiant.Main.main]
23/02/22 03:30:11.123 - [INFO] - Je tente sur le serveur défini dans la config - [hophophop.etudiant.Main.connecterEtudiant]
23/02/22 03:30:11.123 - [INFO] - Permission Exécutable pur les outils - [hophophop.etudiant.Main$2.run]
23/02/22 03:30:11.124 - [INFO] - Démarrage HoP3sEtudiant - [hophophop.etudiant.Main$2.run]
23/02/22 03:30:11.124 - [INFO] - Connexions sur le serveur : 193.52.29.216 sur le port : 2750 - [hophophop.etudiant.modele.H3Etudiant.connecter]
23/02/22 03:30:11.140 - [INFO] - Dimension de l'écran (LxH) : 1920 x 1050 - [hophophop.etudiant.vue.Fenetre.<init>]
23/02/22 03:30:11.147 - [WARNING] - Pas de serveur de log : 193.52.29.216 sur le port : 2752 - [hophophop.etudiant.modele.H3Etudiant.connecter]
23/02/22 03:30:11.147 - [INFO] - H3Etudiant::connecter : 193.52.29.216:2750 - [hophophop.etudiant.modele.H3Etudiant.connecter]
23/02/22 03:30:16.813 - [INFO] - Demande connexion au serveur pour <e190746> / +<400653b86524b516fcec90dfaa3521ab8790b5c3d42ba350201549d7e2180086> - [hophophop.commun.modele.Connection.saisieIdentifiants]
23/02/22 03:30:16.827 - [INFO] - Le thread d'écoute est démarré - [hophophop.etudiant.modele.H3Etudiant.connecter]
23/02/22 03:30:16.827 - [INFO] - Démarage du thread EcouteServeur sur l'étudiant - [hophophop.etudiant.modele.EcouteServeur.run]
23/02/22 03:30:16.916 - [WARNING] - Objet Recu de classe : hophophop.commun.modele.Message - [hophophop.etudiant.modele.EcouteServeur.run]
[ROMAIN LAVAL] - 23/02/22 03:30:16.918 - [INFO] - Les SessionPossibles : [2021-L3-TP1-Gr2-POO, 2021-L3-TP2-Gr2-POO, 2021-L3-TP3-Gr2-POO, 2021-L3-TP4-Gr2-POO, 2021-L3-TAPP-GrA-JAVA, 2021-L3-TP1-Gr2-JAVA, 2021-L3-TP3-Gr2-JAVA, 2021-L3-TP4-Gr2-JAVA] - [hophophop.etudiant.vue.dialogues.DialogueConnecterSession.<init>]
[ROMAIN LAVAL] - 23/02/22 03:30:16.918 - [INFO] - Les SessionDémarées : [] - [hophophop.etudiant.vue.dialogues.DialogueConnecterSession.<init>]
[ROMAIN LAVAL] - 23/02/22 03:30:20.124 - [INFO] - Identification auprès du serveur 2021-L3-TAPP-GrA-JAVA e190746 - [hophophop.etudiant.modele.H3Etudiant.choixDeLaSession]
[ROMAIN LAVAL] - 23/02/22 03:30:20.216 - [INFO] - Pas de scenario pour la session - [hophophop.etudiant.modele.H3Etudiant.setScenario]
[ROMAIN LAVAL] - 23/02/22 03:30:20.217 - [INFO] - =============== Ip          : 127.0.1.1 - [hophophop.etudiant.modele.H3Etudiant.identifier]
[ROMAIN LAVAL] - 23/02/22 03:30:20.217 - [INFO] - =============== Os.name     : Linux - [hophophop.etudiant.modele.H3Etudiant.identifier]
[ROMAIN LAVAL] - 23/02/22 03:30:20.218 - [INFO] - =============== JavaVersion : 17.0 - [hophophop.etudiant.modele.H3Etudiant.identifier]
[ROMAIN LAVAL] - 23/02/22 03:30:20.218 - [INFO] - =============== Langage     : Java - [hophophop.etudiant.modele.H3Etudiant.identifier]
[ROMAIN LAVAL] - 23/02/22 03:30:20.218 - [INFO] - Le Mode de Compilation de cette Session est FICHIER - [hophophop.etudiant.modele.H3Etudiant.setCompilationProjet]
[ROMAIN LAVAL] - 23/02/22 03:30:20.221 - [INFO] - J'ai recu les Info de la session  : 2021-L3-TAPP-GrA-JAVA, Etat : Ouverte Pour ROMAIN LAVAL, Langage : Java, CompilationProjet false, Ip : 127.0.1.1, Plateforme : Linux - [hophophop.etudiant.modele.H3Etudiant.identifier]
[ROMAIN LAVAL] - 23/02/22 03:30:20.222 - [INFO] - Envoie de la demande d'identification sur la session - [hophophop.etudiant.modele.H3Etudiant.identifier]
[ROMAIN LAVAL] - 23/02/22 03:30:20.223 - [INFO] - Attente de la trace - [hophophop.etudiant.modele.H3Etudiant.identifier]
[ROMAIN LAVAL] - 23/02/22 03:30:20.458 - [INFO] - Decompression de la trace de longueur : 428516 - [hophophop.commun.outils.TraceUtil.decompress64]
[ROMAIN LAVAL] - 23/02/22 03:30:20.515 - [INFO] - Reception de la trace de longueur 2825131 - [hophophop.etudiant.modele.H3Etudiant.identifier]
[ROMAIN LAVAL] - 23/02/22 03:30:20.518 - [INFO] - Nom du fichier de Trace Local hop3xEtudiant/data/trace//ROMAIN LAVAL/2021-L3-TAPP-GrA-JAVA/2022-02-23-03h30.xml - [hophophop.etudiant.modele.Traceur.<init>]
[ROMAIN LAVAL] - 23/02/22 03:30:20.518 - [INFO] - Recopie de la trace dans le fichier local : hop3xEtudiant/data/trace//ROMAIN LAVAL/2021-L3-TAPP-GrA-JAVA/2022-02-23-03h30.xml - [hophophop.etudiant.modele.H3Etudiant.identifier]
[ROMAIN LAVAL] - 23/02/22 03:30:29.066 - [INFO] - Compilateur trouvé : com.sun.tools.javac.api.JavacTool@c508ac4 - [hophophop.etudiant.modele.projet.ProjetJava.compiler]
[ROMAIN LAVAL] - 23/02/22 03:30:29.066 - [INFO] - Java version : 17.0.1 - [hophophop.etudiant.modele.projet.ProjetJava.compiler]
[ROMAIN LAVAL] - 23/02/22 03:30:29.066 - [INFO] - java.vendor : N/A - [hophophop.etudiant.modele.projet.ProjetJava.compiler]
[ROMAIN LAVAL] - 23/02/22 03:30:29.066 - [INFO] - java.home : /usr/lib/jvm/java-17-openjdk - [hophophop.etudiant.modele.projet.ProjetJava.compiler]
[ROMAIN LAVAL] - 23/02/22 03:30:29.066 - [INFO] - java.class.path : ./hop3xEtudiant/lib/hop2x.jar - [hophophop.etudiant.modele.projet.ProjetJava.compiler]
[ROMAIN LAVAL] - 23/02/22 03:30:29.067 - [INFO] - os.arch : amd64 - [hophophop.etudiant.modele.projet.ProjetJava.compiler]
[ROMAIN LAVAL] - 23/02/22 03:30:29.067 - [INFO] - user.dir : /home/romain/Documents/git/Dark3x/bin - [hophophop.etudiant.modele.projet.ProjetJava.compiler]
[ROMAIN LAVAL] - 23/02/22 03:30:31.659 - [INFO] - Commande Exécution : java -classpath hop3xEtudiant/data/workspace/2021-L3-TAPP-GrA-JAVA/TD4-Calc/ TestClassCalculatrice  - [hophophop.etudiant.modele.projet.ProjetJava.executer]
[ROMAIN LAVAL] - 23/02/22 03:30:31.660 - [INFO] - Path : /usr/local/sbin:/usr/local/bin:/usr/bin:/usr/lib/jvm/default/bin:/usr/bin/site_perl:/usr/bin/vendor_perl:/usr/bin/core_perl - [hophophop.etudiant.modele.projet.Projet.executer]
[ROMAIN LAVAL] - 23/02/22 03:30:31.660 - [INFO] - Plateforme : Linux - [hophophop.etudiant.modele.projet.Projet.executer]
[ROMAIN LAVAL] - 23/02/22 03:30:31.661 - [INFO] - Nom du Fichier Log = 1645583431661.log - [hophophop.etudiant.modele.projet.Projet$1.run]
[ROMAIN LAVAL] - 23/02/22 03:30:31.661 - [INFO] - Ligne de commande Exécution :
	xterm -lf hop3xEtudiant/data/1645583431661.log -l -geometry 100x30+400+400 -en UTF-8 -title TestClassCalculatrice -e ./hop3xEtudiant/outilsHop3x/Hop3xExecutionLinux java -classpath hop3xEtudiant/data/workspace/2021-L3-TAPP-GrA-JAVA/TD4-Calc/ TestClassCalculatrice  - [hophophop.etudiant.modele.projet.Projet$1.run]
[ROMAIN LAVAL] - 23/02/22 03:30:31.661 - [INFO] - Exécution : xterm -lf hop3xEtudiant/data/1645583431661.log -l -geometry 100x30+400+400 -en UTF-8 -title TestClassCalculatrice -e ./hop3xEtudiant/outilsHop3x/Hop3xExecutionLinux java -classpath hop3xEtudiant/data/workspace/2021-L3-TAPP-GrA-JAVA/TD4-Calc/ TestClassCalculatrice  - [hophophop.etudiant.modele.projet.Projet$1.run]
[ROMAIN LAVAL] - 23/02/22 03:30:46.915 - [INFO] - Exécution terminée : xterm -lf hop3xEtudiant/data/1645583431661.log -l -geometry 100x30+400+400 -en UTF-8 -title TestClassCalculatrice -e ./hop3xEtudiant/outilsHop3x/Hop3xExecutionLinux java -classpath hop3xEtudiant/data/workspace/2021-L3-TAPP-GrA-JAVA/TD4-Calc/ TestClassCalculatrice  - [hophophop.etudiant.modele.projet.Projet$1.run]
[ROMAIN LAVAL] - 23/02/22 03:30:46.916 - [INFO] - Fichier de Log d'éxécution : /home/romain/Documents/git/Dark3x/bin/hop3xEtudiant/data/1645583431661.log - [hophophop.etudiant.modele.projet.Projet$1.run]
