23/02/22 02:31:12.770 - [INFO] - VERSION DU CLIENT  HOP3X : V.22.0201-199e - [hophophop.etudiant.Main.main]
23/02/22 02:31:12.772 - [INFO] - java.vendor     : N/A - [hophophop.etudiant.Main.main]
23/02/22 02:31:12.773 - [INFO] - java.vendor.url : https://openjdk.java.net/ - [hophophop.etudiant.Main.main]
23/02/22 02:31:12.773 - [INFO] - java.home       : /usr/lib/jvm/java-17-openjdk - [hophophop.etudiant.Main.main]
23/02/22 02:31:12.773 - [INFO] - java.version    : 17.0.1 - [hophophop.etudiant.Main.main]
23/02/22 02:31:12.773 - [INFO] - java.class.path : ./hop3xEtudiant/lib/hop2x.jar - [hophophop.etudiant.Main.main]
23/02/22 02:31:12.774 - [INFO] - os.arch         : amd64 - [hophophop.etudiant.Main.main]
23/02/22 02:31:12.774 - [INFO] - user.dir        : /home/romain/Documents/hop2x/src/launcher - [hophophop.etudiant.Main.main]
23/02/22 02:31:12.774 - [INFO] - user.home       : /home/romain - [hophophop.etudiant.Main.main]
23/02/22 02:31:12.774 - [INFO] - user.name       : romain - [hophophop.etudiant.Main.main]
23/02/22 02:31:12.776 - [INFO] - Je tente sur le serveur défini dans la config - [hophophop.etudiant.Main.connecterEtudiant]
23/02/22 02:31:12.776 - [INFO] - Permission Exécutable pur les outils - [hophophop.etudiant.Main$2.run]
23/02/22 02:31:12.777 - [INFO] - Démarrage HoP3sEtudiant - [hophophop.etudiant.Main$2.run]
23/02/22 02:31:12.777 - [INFO] - Connexions sur le serveur : 193.52.29.216 sur le port : 2750 - [hophophop.etudiant.modele.H3Etudiant.connecter]
23/02/22 02:31:12.794 - [INFO] - Dimension de l'écran (LxH) : 1920 x 1050 - [hophophop.etudiant.vue.Fenetre.<init>]
23/02/22 02:31:12.797 - [WARNING] - Pas de serveur de log : 193.52.29.216 sur le port : 2752 - [hophophop.etudiant.modele.H3Etudiant.connecter]
23/02/22 02:31:12.797 - [INFO] - H3Etudiant::connecter : 193.52.29.216:2750 - [hophophop.etudiant.modele.H3Etudiant.connecter]
23/02/22 02:31:19.335 - [INFO] - Demande connexion au serveur pour <e190746> / +<400653b86524b516fcec90dfaa3521ab8790b5c3d42ba350201549d7e2180086> - [hophophop.commun.modele.Connection.saisieIdentifiants]
23/02/22 02:31:19.349 - [INFO] - Le thread d'écoute est démarré - [hophophop.etudiant.modele.H3Etudiant.connecter]
23/02/22 02:31:19.349 - [INFO] - Démarage du thread EcouteServeur sur l'étudiant - [hophophop.etudiant.modele.EcouteServeur.run]
23/02/22 02:31:19.440 - [WARNING] - Objet Recu de classe : hophophop.commun.modele.Message - [hophophop.etudiant.modele.EcouteServeur.run]
[ROMAIN LAVAL] - 23/02/22 02:31:19.441 - [INFO] - Les SessionPossibles : [2021-L3-TP1-Gr2-POO, 2021-L3-TP2-Gr2-POO, 2021-L3-TP3-Gr2-POO, 2021-L3-TP4-Gr2-POO, 2021-L3-TAPP-GrA-JAVA, 2021-L3-TP1-Gr2-JAVA, 2021-L3-TP3-Gr2-JAVA, 2021-L3-TP4-Gr2-JAVA] - [hophophop.etudiant.vue.dialogues.DialogueConnecterSession.<init>]
[ROMAIN LAVAL] - 23/02/22 02:31:19.442 - [INFO] - Les SessionDémarées : [] - [hophophop.etudiant.vue.dialogues.DialogueConnecterSession.<init>]
[ROMAIN LAVAL] - 23/02/22 02:31:27.990 - [INFO] - Identification auprès du serveur 2021-L3-TP4-Gr2-JAVA e190746 - [hophophop.etudiant.modele.H3Etudiant.choixDeLaSession]
[ROMAIN LAVAL] - 23/02/22 02:31:28.092 - [INFO] - Pas de scenario pour la session - [hophophop.etudiant.modele.H3Etudiant.setScenario]
[ROMAIN LAVAL] - 23/02/22 02:31:28.092 - [INFO] - =============== Ip          : 127.0.1.1 - [hophophop.etudiant.modele.H3Etudiant.identifier]
[ROMAIN LAVAL] - 23/02/22 02:31:28.092 - [INFO] - =============== Os.name     : Linux - [hophophop.etudiant.modele.H3Etudiant.identifier]
[ROMAIN LAVAL] - 23/02/22 02:31:28.093 - [INFO] - =============== JavaVersion : 17.0 - [hophophop.etudiant.modele.H3Etudiant.identifier]
[ROMAIN LAVAL] - 23/02/22 02:31:28.093 - [INFO] - =============== Langage     : Java - [hophophop.etudiant.modele.H3Etudiant.identifier]
[ROMAIN LAVAL] - 23/02/22 02:31:28.094 - [INFO] - Le Mode de Compilation de cette Session est FICHIER - [hophophop.etudiant.modele.H3Etudiant.setCompilationProjet]
[ROMAIN LAVAL] - 23/02/22 02:31:28.097 - [INFO] - J'ai recu les Info de la session  : 2021-L3-TP4-Gr2-JAVA, Etat : "Lecture Seule Pour ROMAIN LAVAL, Langage : Java, CompilationProjet false, Ip : 127.0.1.1, Plateforme : Linux - [hophophop.etudiant.modele.H3Etudiant.identifier]
[ROMAIN LAVAL] - 23/02/22 02:31:28.097 - [INFO] - Envoie de la demande d'identification sur la session - [hophophop.etudiant.modele.H3Etudiant.identifier]
[ROMAIN LAVAL] - 23/02/22 02:31:28.098 - [INFO] - Attente de la trace - [hophophop.etudiant.modele.H3Etudiant.identifier]
[ROMAIN LAVAL] - 23/02/22 02:31:28.351 - [INFO] - Decompression de la trace de longueur : 324296 - [hophophop.commun.outils.TraceUtil.decompress64]
[ROMAIN LAVAL] - 23/02/22 02:31:28.411 - [INFO] - Reception de la trace de longueur 2202184 - [hophophop.etudiant.modele.H3Etudiant.identifier]
[ROMAIN LAVAL] - 23/02/22 02:31:28.415 - [INFO] - Nom du fichier de Trace Local hop3xEtudiant/data/trace//ROMAIN LAVAL/2021-L3-TP4-Gr2-JAVA/2022-02-23-02h31.xml - [hophophop.etudiant.modele.Traceur.<init>]
[ROMAIN LAVAL] - 23/02/22 02:31:28.416 - [INFO] - Recopie de la trace dans le fichier local : hop3xEtudiant/data/trace//ROMAIN LAVAL/2021-L3-TP4-Gr2-JAVA/2022-02-23-02h31.xml - [hophophop.etudiant.modele.H3Etudiant.identifier]
[ROMAIN LAVAL] - 23/02/22 02:31:59.253 - [INFO] - Demande de changement de Session pour ROMAIN LAVAL - [hophophop.etudiant.vue.Actions$41.actionPerformed]
[ROMAIN LAVAL] - 23/02/22 02:31:59.255 - [INFO] - Durée de cette Session : 0h:0m:30s - [hophophop.etudiant.vue.Actions$41.actionPerformed]
[ROMAIN LAVAL] - 23/02/22 02:31:59.346 - [WARNING] - Objet Recu de classe : hophophop.commun.modele.Message - [hophophop.etudiant.modele.EcouteServeur.run]
[ROMAIN LAVAL] - 23/02/22 02:31:59.395 - [WARNING] - Demande de changement de Session : 2021-L3-TP4-Gr2-JAVA(e190746) - [hophophop.etudiant.modele.H3Etudiant.choixNouvelleSession]
[ROMAIN LAVAL] - 23/02/22 02:31:59.395 - [INFO] - Je supprime la session 2021-L3-TP4-Gr2-JAVA des sessions Connectées - [hophophop.etudiant.modele.H3Etudiant.choixNouvelleSession]
[ROMAIN LAVAL] - 23/02/22 02:31:59.396 - [INFO] - Les SessionPossibles : [2021-L3-TP1-Gr2-POO, 2021-L3-TP2-Gr2-POO, 2021-L3-TP3-Gr2-POO, 2021-L3-TP4-Gr2-POO, 2021-L3-TAPP-GrA-JAVA, 2021-L3-TP1-Gr2-JAVA, 2021-L3-TP3-Gr2-JAVA] - [hophophop.etudiant.vue.dialogues.DialogueConnecterSession.<init>]
[ROMAIN LAVAL] - 23/02/22 02:31:59.397 - [INFO] - Les SessionDémarées : [] - [hophophop.etudiant.vue.dialogues.DialogueConnecterSession.<init>]
[ROMAIN LAVAL] - 23/02/22 02:32:02.015 - [INFO] - Nouvelle Session 2021-L3-TAPP-GrA-JAVA(e190746) - [hophophop.etudiant.modele.H3Etudiant.choixNouvelleSession]
[ROMAIN LAVAL] - 23/02/22 02:32:02.115 - [INFO] - Pas de scenario pour la session - [hophophop.etudiant.modele.H3Etudiant.setScenario]
[ROMAIN LAVAL] - 23/02/22 02:32:02.115 - [INFO] - =============== Ip          : 127.0.1.1 - [hophophop.etudiant.modele.H3Etudiant.identifier]
[ROMAIN LAVAL] - 23/02/22 02:32:02.115 - [INFO] - =============== Os.name     : Linux - [hophophop.etudiant.modele.H3Etudiant.identifier]
[ROMAIN LAVAL] - 23/02/22 02:32:02.115 - [INFO] - =============== JavaVersion : 17.0 - [hophophop.etudiant.modele.H3Etudiant.identifier]
[ROMAIN LAVAL] - 23/02/22 02:32:02.115 - [INFO] - =============== Langage     : Java - [hophophop.etudiant.modele.H3Etudiant.identifier]
[ROMAIN LAVAL] - 23/02/22 02:32:02.115 - [INFO] - Le Mode de Compilation de cette Session est FICHIER - [hophophop.etudiant.modele.H3Etudiant.setCompilationProjet]
[ROMAIN LAVAL] - 23/02/22 02:32:02.115 - [INFO] - J'ai recu les Info de la session  : 2021-L3-TAPP-GrA-JAVA, Etat : Ouverte Pour ROMAIN LAVAL, Langage : Java, CompilationProjet false, Ip : 127.0.1.1, Plateforme : Linux - [hophophop.etudiant.modele.H3Etudiant.identifier]
[ROMAIN LAVAL] - 23/02/22 02:32:02.116 - [INFO] - Envoie de la demande d'identification sur la session - [hophophop.etudiant.modele.H3Etudiant.identifier]
[ROMAIN LAVAL] - 23/02/22 02:32:02.116 - [INFO] - Attente de la trace - [hophophop.etudiant.modele.H3Etudiant.identifier]
[ROMAIN LAVAL] - 23/02/22 02:32:02.346 - [INFO] - Decompression de la trace de longueur : 425400 - [hophophop.commun.outils.TraceUtil.decompress64]
[ROMAIN LAVAL] - 23/02/22 02:32:02.359 - [INFO] - Reception de la trace de longueur 2806963 - [hophophop.etudiant.modele.H3Etudiant.identifier]
[ROMAIN LAVAL] - 23/02/22 02:32:02.360 - [INFO] - Nom du fichier de Trace Local hop3xEtudiant/data/trace//ROMAIN LAVAL/2021-L3-TAPP-GrA-JAVA/2022-02-23-02h32.xml - [hophophop.etudiant.modele.Traceur.<init>]
[ROMAIN LAVAL] - 23/02/22 02:32:02.360 - [INFO] - Recopie de la trace dans le fichier local : hop3xEtudiant/data/trace//ROMAIN LAVAL/2021-L3-TAPP-GrA-JAVA/2022-02-23-02h32.xml - [hophophop.etudiant.modele.H3Etudiant.identifier]
[ROMAIN LAVAL] - 23/02/22 02:32:10.889 - [INFO] - Compilateur trouvé : com.sun.tools.javac.api.JavacTool@9a8b9f6 - [hophophop.etudiant.modele.projet.ProjetJava.compiler]
[ROMAIN LAVAL] - 23/02/22 02:32:10.890 - [INFO] - Java version : 17.0.1 - [hophophop.etudiant.modele.projet.ProjetJava.compiler]
[ROMAIN LAVAL] - 23/02/22 02:32:10.890 - [INFO] - java.vendor : N/A - [hophophop.etudiant.modele.projet.ProjetJava.compiler]
[ROMAIN LAVAL] - 23/02/22 02:32:10.890 - [INFO] - java.home : /usr/lib/jvm/java-17-openjdk - [hophophop.etudiant.modele.projet.ProjetJava.compiler]
[ROMAIN LAVAL] - 23/02/22 02:32:10.890 - [INFO] - java.class.path : ./hop3xEtudiant/lib/hop2x.jar - [hophophop.etudiant.modele.projet.ProjetJava.compiler]
[ROMAIN LAVAL] - 23/02/22 02:32:10.890 - [INFO] - os.arch : amd64 - [hophophop.etudiant.modele.projet.ProjetJava.compiler]
[ROMAIN LAVAL] - 23/02/22 02:32:10.890 - [INFO] - user.dir : /home/romain/Documents/hop2x/src/launcher - [hophophop.etudiant.modele.projet.ProjetJava.compiler]
[ROMAIN LAVAL] - 23/02/22 02:32:13.602 - [INFO] - Commande Exécution : java -classpath hop3xEtudiant/data/workspace/2021-L3-TAPP-GrA-JAVA/TD4-Calc/ TestClassCalculatrice  - [hophophop.etudiant.modele.projet.ProjetJava.executer]
[ROMAIN LAVAL] - 23/02/22 02:32:13.602 - [INFO] - Path : /usr/local/sbin:/usr/local/bin:/usr/bin:/usr/lib/jvm/default/bin:/usr/bin/site_perl:/usr/bin/vendor_perl:/usr/bin/core_perl - [hophophop.etudiant.modele.projet.Projet.executer]
[ROMAIN LAVAL] - 23/02/22 02:32:13.603 - [INFO] - Plateforme : Linux - [hophophop.etudiant.modele.projet.Projet.executer]
[ROMAIN LAVAL] - 23/02/22 02:32:13.603 - [INFO] - Nom du Fichier Log = 1645579933603.log - [hophophop.etudiant.modele.projet.Projet$1.run]
[ROMAIN LAVAL] - 23/02/22 02:32:13.604 - [INFO] - Ligne de commande Exécution :
	xterm -lf hop3xEtudiant/data/1645579933603.log -l -geometry 100x30+400+400 -en UTF-8 -title TestClassCalculatrice -e ./hop3xEtudiant/outilsHop3x/Hop3xExecutionLinux java -classpath hop3xEtudiant/data/workspace/2021-L3-TAPP-GrA-JAVA/TD4-Calc/ TestClassCalculatrice  - [hophophop.etudiant.modele.projet.Projet$1.run]
[ROMAIN LAVAL] - 23/02/22 02:32:13.604 - [INFO] - Exécution : xterm -lf hop3xEtudiant/data/1645579933603.log -l -geometry 100x30+400+400 -en UTF-8 -title TestClassCalculatrice -e ./hop3xEtudiant/outilsHop3x/Hop3xExecutionLinux java -classpath hop3xEtudiant/data/workspace/2021-L3-TAPP-GrA-JAVA/TD4-Calc/ TestClassCalculatrice  - [hophophop.etudiant.modele.projet.Projet$1.run]
[ROMAIN LAVAL] - 23/02/22 02:32:19.126 - [INFO] - Compilateur trouvé : com.sun.tools.javac.api.JavacTool@13774f80 - [hophophop.etudiant.modele.projet.ProjetJava.compiler]
[ROMAIN LAVAL] - 23/02/22 02:32:19.127 - [INFO] - Java version : 17.0.1 - [hophophop.etudiant.modele.projet.ProjetJava.compiler]
[ROMAIN LAVAL] - 23/02/22 02:32:19.127 - [INFO] - java.vendor : N/A - [hophophop.etudiant.modele.projet.ProjetJava.compiler]
[ROMAIN LAVAL] - 23/02/22 02:32:19.127 - [INFO] - java.home : /usr/lib/jvm/java-17-openjdk - [hophophop.etudiant.modele.projet.ProjetJava.compiler]
[ROMAIN LAVAL] - 23/02/22 02:32:19.127 - [INFO] - java.class.path : ./hop3xEtudiant/lib/hop2x.jar - [hophophop.etudiant.modele.projet.ProjetJava.compiler]
[ROMAIN LAVAL] - 23/02/22 02:32:19.127 - [INFO] - os.arch : amd64 - [hophophop.etudiant.modele.projet.ProjetJava.compiler]
[ROMAIN LAVAL] - 23/02/22 02:32:19.127 - [INFO] - user.dir : /home/romain/Documents/hop2x/src/launcher - [hophophop.etudiant.modele.projet.ProjetJava.compiler]
[ROMAIN LAVAL] - 23/02/22 02:32:21.625 - [INFO] - Commande Exécution : java -classpath hop3xEtudiant/data/workspace/2021-L3-TAPP-GrA-JAVA/TD4-Calc/ Test  - [hophophop.etudiant.modele.projet.ProjetJava.executer]
[ROMAIN LAVAL] - 23/02/22 02:32:21.625 - [INFO] - Path : /usr/local/sbin:/usr/local/bin:/usr/bin:/usr/lib/jvm/default/bin:/usr/bin/site_perl:/usr/bin/vendor_perl:/usr/bin/core_perl - [hophophop.etudiant.modele.projet.Projet.executer]
[ROMAIN LAVAL] - 23/02/22 02:32:21.625 - [INFO] - Plateforme : Linux - [hophophop.etudiant.modele.projet.Projet.executer]
[ROMAIN LAVAL] - 23/02/22 02:32:21.626 - [INFO] - Nom du Fichier Log = 1645579941626.log - [hophophop.etudiant.modele.projet.Projet$1.run]
[ROMAIN LAVAL] - 23/02/22 02:32:21.626 - [INFO] - Ligne de commande Exécution :
	xterm -lf hop3xEtudiant/data/1645579941626.log -l -geometry 100x30+400+400 -en UTF-8 -title Test -e ./hop3xEtudiant/outilsHop3x/Hop3xExecutionLinux java -classpath hop3xEtudiant/data/workspace/2021-L3-TAPP-GrA-JAVA/TD4-Calc/ Test  - [hophophop.etudiant.modele.projet.Projet$1.run]
[ROMAIN LAVAL] - 23/02/22 02:32:21.626 - [INFO] - Exécution : xterm -lf hop3xEtudiant/data/1645579941626.log -l -geometry 100x30+400+400 -en UTF-8 -title Test -e ./hop3xEtudiant/outilsHop3x/Hop3xExecutionLinux java -classpath hop3xEtudiant/data/workspace/2021-L3-TAPP-GrA-JAVA/TD4-Calc/ Test  - [hophophop.etudiant.modele.projet.Projet$1.run]
[ROMAIN LAVAL] - 23/02/22 02:32:26.206 - [INFO] - Compilateur trouvé : com.sun.tools.javac.api.JavacTool@6b3a2213 - [hophophop.etudiant.modele.projet.ProjetJava.compiler]
[ROMAIN LAVAL] - 23/02/22 02:32:26.207 - [INFO] - Java version : 17.0.1 - [hophophop.etudiant.modele.projet.ProjetJava.compiler]
[ROMAIN LAVAL] - 23/02/22 02:32:26.207 - [INFO] - java.vendor : N/A - [hophophop.etudiant.modele.projet.ProjetJava.compiler]
[ROMAIN LAVAL] - 23/02/22 02:32:26.207 - [INFO] - java.home : /usr/lib/jvm/java-17-openjdk - [hophophop.etudiant.modele.projet.ProjetJava.compiler]
[ROMAIN LAVAL] - 23/02/22 02:32:26.207 - [INFO] - java.class.path : ./hop3xEtudiant/lib/hop2x.jar - [hophophop.etudiant.modele.projet.ProjetJava.compiler]
[ROMAIN LAVAL] - 23/02/22 02:32:26.207 - [INFO] - os.arch : amd64 - [hophophop.etudiant.modele.projet.ProjetJava.compiler]
[ROMAIN LAVAL] - 23/02/22 02:32:26.207 - [INFO] - user.dir : /home/romain/Documents/hop2x/src/launcher - [hophophop.etudiant.modele.projet.ProjetJava.compiler]
[ROMAIN LAVAL] - 23/02/22 02:32:27.038 - [INFO] - Compilateur trouvé : com.sun.tools.javac.api.JavacTool@2b1307b3 - [hophophop.etudiant.modele.projet.ProjetJava.compiler]
[ROMAIN LAVAL] - 23/02/22 02:32:27.039 - [INFO] - Java version : 17.0.1 - [hophophop.etudiant.modele.projet.ProjetJava.compiler]
[ROMAIN LAVAL] - 23/02/22 02:32:27.039 - [INFO] - java.vendor : N/A - [hophophop.etudiant.modele.projet.ProjetJava.compiler]
[ROMAIN LAVAL] - 23/02/22 02:32:27.039 - [INFO] - java.home : /usr/lib/jvm/java-17-openjdk - [hophophop.etudiant.modele.projet.ProjetJava.compiler]
[ROMAIN LAVAL] - 23/02/22 02:32:27.039 - [INFO] - java.class.path : ./hop3xEtudiant/lib/hop2x.jar - [hophophop.etudiant.modele.projet.ProjetJava.compiler]
[ROMAIN LAVAL] - 23/02/22 02:32:27.039 - [INFO] - os.arch : amd64 - [hophophop.etudiant.modele.projet.ProjetJava.compiler]
[ROMAIN LAVAL] - 23/02/22 02:32:27.039 - [INFO] - user.dir : /home/romain/Documents/hop2x/src/launcher - [hophophop.etudiant.modele.projet.ProjetJava.compiler]
[ROMAIN LAVAL] - 23/02/22 02:32:29.315 - [INFO] - Commande Exécution : java -classpath hop3xEtudiant/data/workspace/2021-L3-TAPP-GrA-JAVA/TD4-Calc/ TestClassCalculatrice  - [hophophop.etudiant.modele.projet.ProjetJava.executer]
[ROMAIN LAVAL] - 23/02/22 02:32:29.315 - [INFO] - Path : /usr/local/sbin:/usr/local/bin:/usr/bin:/usr/lib/jvm/default/bin:/usr/bin/site_perl:/usr/bin/vendor_perl:/usr/bin/core_perl - [hophophop.etudiant.modele.projet.Projet.executer]
[ROMAIN LAVAL] - 23/02/22 02:32:29.315 - [INFO] - Plateforme : Linux - [hophophop.etudiant.modele.projet.Projet.executer]
[ROMAIN LAVAL] - 23/02/22 02:32:29.315 - [INFO] - Nom du Fichier Log = 1645579949315.log - [hophophop.etudiant.modele.projet.Projet$1.run]
[ROMAIN LAVAL] - 23/02/22 02:32:29.316 - [INFO] - Ligne de commande Exécution :
	xterm -lf hop3xEtudiant/data/1645579949315.log -l -geometry 100x30+400+400 -en UTF-8 -title TestClassCalculatrice -e ./hop3xEtudiant/outilsHop3x/Hop3xExecutionLinux java -classpath hop3xEtudiant/data/workspace/2021-L3-TAPP-GrA-JAVA/TD4-Calc/ TestClassCalculatrice  - [hophophop.etudiant.modele.projet.Projet$1.run]
[ROMAIN LAVAL] - 23/02/22 02:32:29.316 - [INFO] - Exécution : xterm -lf hop3xEtudiant/data/1645579949315.log -l -geometry 100x30+400+400 -en UTF-8 -title TestClassCalculatrice -e ./hop3xEtudiant/outilsHop3x/Hop3xExecutionLinux java -classpath hop3xEtudiant/data/workspace/2021-L3-TAPP-GrA-JAVA/TD4-Calc/ TestClassCalculatrice  - [hophophop.etudiant.modele.projet.Projet$1.run]
